2025-01-19 07:04:11,715 - INFO - 检查的文件总数: 12310
2025-01-19 07:04:11,715 - INFO - 删除的空文件数: 0
2025-01-19 07:05:21,126 - INFO - 检查的文件总数: 12310
2025-01-19 07:05:21,126 - INFO - 已移动的空文件数: 0
2025-01-19 07:05:21,127 - INFO - 空文件已移动到: empty_files_backup
2025-01-19 07:15:47,533 - INFO - 检查的文件总数: 12310
2025-01-19 07:15:47,534 - INFO - 已移动的空文件数: 0
2025-01-19 07:15:47,534 - INFO - 空文件已移动到: empty_files_backup
2025-01-19 07:17:21,196 - INFO - 发现空文件夹: extracted\01-002
2025-01-19 07:17:21,203 - INFO - 发现空文件夹: extracted\02-019
2025-01-19 07:17:21,205 - INFO - 发现空文件夹: extracted\02-024
2025-01-19 07:17:21,213 - INFO - 发现空文件夹: extracted\03-007
2025-01-19 07:17:21,220 - INFO - 发现空文件夹: extracted\09-002
2025-01-19 07:17:21,235 - INFO - 发现空文件夹: extracted\13-005
2025-01-19 07:17:21,237 - INFO - 发现空文件夹: extracted\13-006
2025-01-19 07:17:21,240 - INFO - 发现空文件夹: extracted\13-008
2025-01-19 07:17:21,241 - INFO - 发现空文件夹: extracted\13-009
2025-01-19 07:17:21,242 - INFO - 发现空文件夹: extracted\13-010
2025-01-19 07:17:21,243 - INFO - 发现空文件夹: extracted\13-011
2025-01-19 07:17:21,243 - INFO - 发现空文件夹: extracted\13-012
2025-01-19 07:17:21,244 - INFO - 发现空文件夹: extracted\13-013
2025-01-19 07:17:21,245 - INFO - 发现空文件夹: extracted\14-001
2025-01-19 07:17:21,246 - INFO - 发现空文件夹: extracted\14-002
2025-01-19 07:17:21,247 - INFO - 发现空文件夹: extracted\14-004
2025-01-19 07:17:21,247 - INFO - 发现空文件夹: extracted\14-005
2025-01-19 07:17:21,248 - INFO - 发现空文件夹: extracted\14-006
2025-01-19 07:17:21,250 - INFO - 发现空文件夹: extracted\14-010
2025-01-19 07:17:21,251 - INFO - 发现空文件夹: extracted\14-011
2025-01-19 07:17:21,252 - INFO - 发现空文件夹: extracted\15-001
2025-01-19 07:17:21,253 - INFO - 发现空文件夹: extracted\15-002
2025-01-19 07:17:21,254 - INFO - 发现空文件夹: extracted\15-004
2025-01-19 07:17:21,255 - INFO - 发现空文件夹: extracted\15-005
2025-01-19 07:17:21,256 - INFO - 发现空文件夹: extracted\15-008
2025-01-19 07:17:21,259 - INFO - 发现空文件夹: extracted\16-003
2025-01-19 07:17:21,262 - INFO - 发现空文件夹: extracted\16-007
2025-01-19 07:17:21,263 - INFO - 发现空文件夹: extracted\16-009
2025-01-19 07:17:21,264 - INFO - 发现空文件夹: extracted\16-010
2025-01-19 07:17:21,266 - INFO - 发现空文件夹: extracted\16-012
2025-01-19 07:17:21,269 - INFO - 发现空文件夹: extracted\17-002
2025-01-19 07:17:21,270 - INFO - 发现空文件夹: extracted\17-003
2025-01-19 07:17:21,271 - INFO - 发现空文件夹: extracted\17-004
2025-01-19 07:17:21,272 - INFO - 发现空文件夹: extracted\17-006
2025-01-19 07:17:21,274 - INFO - 发现空文件夹: extracted\17-008
2025-01-19 07:17:21,275 - INFO - 发现空文件夹: extracted\17-009
2025-01-19 07:17:21,276 - INFO - 发现空文件夹: extracted\17-010
2025-01-19 07:17:21,278 - INFO - 发现空文件夹: extracted\17-012
2025-01-19 07:17:21,279 - INFO - 发现空文件夹: extracted\17-015
2025-01-19 07:17:21,281 - INFO - 发现空文件夹: extracted\18-001
2025-01-19 07:17:21,283 - INFO - 发现空文件夹: extracted\18-002
2025-01-19 07:17:21,284 - INFO - 发现空文件夹: extracted\18-004
2025-01-19 07:17:21,285 - INFO - 发现空文件夹: extracted\18-005
2025-01-19 07:17:21,286 - INFO - 发现空文件夹: extracted\18-007
2025-01-19 07:17:21,287 - INFO - 发现空文件夹: extracted\18-008
2025-01-19 07:17:21,288 - INFO - 发现空文件夹: extracted\18-009
2025-01-19 07:17:21,289 - INFO - 发现空文件夹: extracted\18-010
2025-01-19 07:17:21,290 - INFO - 发现空文件夹: extracted\18-013
2025-01-19 07:17:21,294 - INFO - 发现空文件夹: extracted\19-004
2025-01-19 07:17:21,296 - INFO - 发现空文件夹: extracted\19-007
2025-01-19 07:17:21,297 - INFO - 发现空文件夹: extracted\19-009
2025-01-19 07:17:21,299 - INFO - 发现空文件夹: extracted\19-011
2025-01-19 07:17:21,301 - INFO - 发现空文件夹: extracted\19-019
2025-01-19 07:17:21,303 - INFO - 发现空文件夹: extracted\20-002
2025-01-19 07:17:21,304 - INFO - 发现空文件夹: extracted\20-005
2025-01-19 07:17:21,306 - INFO - 发现空文件夹: extracted\20-006
2025-01-19 07:17:21,308 - INFO - 发现空文件夹: extracted\20-009
2025-01-19 07:17:21,310 - INFO - 发现空文件夹: extracted\20-010
2025-01-19 07:17:21,313 - INFO - 发现空文件夹: extracted\21-002
2025-01-19 07:17:21,314 - INFO - 发现空文件夹: extracted\21-004
2025-01-19 07:17:21,315 - INFO - 发现空文件夹: extracted\21-006
2025-01-19 07:17:21,315 - INFO - 发现空文件夹: extracted\21-007
2025-01-19 07:17:21,316 - INFO - 发现空文件夹: extracted\21-012
2025-01-19 07:17:21,317 - INFO - 发现空文件夹: extracted\21-016
2025-01-19 07:17:21,318 - INFO - 发现空文件夹: extracted\21-019
2025-01-19 07:17:21,320 - INFO - 发现空文件夹: extracted\21-023
2025-01-19 07:17:21,321 - INFO - 发现空文件夹: extracted\21-025
2025-01-19 07:17:21,322 - INFO - 发现空文件夹: extracted\21-026
2025-01-19 07:17:21,323 - INFO - 发现空文件夹: extracted\21-027
2025-01-19 07:17:21,324 - INFO - 发现空文件夹: extracted\21-028
2025-01-19 07:17:21,324 - INFO - 发现空文件夹: extracted\21-031
2025-01-19 07:17:21,325 - INFO - 发现空文件夹: extracted\21-032
2025-01-19 07:17:21,327 - INFO - 发现空文件夹: extracted\21-033
2025-01-19 07:17:21,328 - INFO - 发现空文件夹: extracted\21-034
2025-01-19 07:17:21,333 - INFO - 发现空文件夹: extracted\21-075
2025-01-19 07:17:21,340 - INFO - 发现空文件夹: extracted\21-128
2025-01-19 07:17:21,424 - INFO - 发现空文件夹: extracted\22-001
2025-01-19 07:17:21,426 - INFO - 发现空文件夹: extracted\23-001
2025-01-19 07:17:21,427 - INFO - 发现空文件夹: extracted\23-002
2025-01-19 07:17:21,428 - INFO - 发现空文件夹: extracted\23-003
2025-01-19 07:17:21,429 - INFO - 发现空文件夹: extracted\23-004
2025-01-19 07:17:21,430 - INFO - 发现空文件夹: extracted\23-005
2025-01-19 07:17:21,431 - INFO - 发现空文件夹: extracted\23-006
2025-01-19 07:17:21,433 - INFO - 发现空文件夹: extracted\23-008
2025-01-19 07:17:21,435 - INFO - 发现空文件夹: extracted\23-009
2025-01-19 07:17:21,436 - INFO - 发现空文件夹: extracted\23-011
2025-01-19 07:17:21,441 - INFO - 发现空文件夹: extracted\25-005
2025-01-19 07:17:21,442 - INFO - 发现空文件夹: extracted\25-006
2025-01-19 07:17:21,443 - INFO - 发现空文件夹: extracted\25-007
2025-01-19 07:17:21,564 - INFO - 
检查完成:
2025-01-19 07:17:21,564 - INFO - 检查的文件总数: 12310
2025-01-19 07:17:21,565 - INFO - 检查的文件夹总数: 1684
2025-01-19 07:17:21,565 - INFO - 发现的空文件数: 0
2025-01-19 07:17:21,566 - INFO - 发现的空文件夹数: 89
2025-01-19 07:17:21,566 - INFO - 空文件和文件夹已移动到: empty_files_backup
