2025-01-18 07:19:15,038 - INFO - 开始处理讲座编号: 16-008
2025-01-18 07:19:27,119 - INFO - 开始处理讲座编号: 18-015
2025-01-18 07:19:35,606 - INFO - 开始处理讲座编号: 18-023
2025-01-18 07:19:43,944 - INFO - 开始处理讲座编号: 18-016
2025-01-18 07:19:53,060 - INFO - 开始处理讲座编号: 18-018
2025-01-18 07:20:01,203 - INFO - 开始处理讲座编号: 18-019
2025-01-18 07:20:09,717 - INFO - 开始处理讲座编号: 18-020
2025-01-18 07:20:18,608 - INFO - 开始处理讲座编号: 18-021
2025-01-18 07:20:26,876 - INFO - 开始处理讲座编号: 18-022
2025-01-18 07:20:35,091 - INFO - 开始处理讲座编号: 22-016
2025-01-18 07:20:43,200 - INFO - 开始处理讲座编号: 22-017
2025-01-18 07:20:51,415 - INFO - 开始处理讲座编号: 22-018
2025-01-18 07:21:02,284 - INFO - 开始处理讲座编号: 22-002
2025-01-18 07:21:10,645 - INFO - 开始处理讲座编号: 22-004
2025-01-18 07:21:18,892 - INFO - 开始处理讲座编号: 22-007
2025-01-18 07:21:27,108 - INFO - 开始处理讲座编号: 22-008
2025-01-18 07:21:35,343 - INFO - 开始处理讲座编号: 22-009
2025-01-18 07:21:43,577 - INFO - 开始处理讲座编号: 22-010
2025-01-18 07:21:51,819 - INFO - 开始处理讲座编号: 22-011
2025-01-18 07:21:59,987 - INFO - 开始处理讲座编号: 22-014
2025-01-18 07:22:08,264 - INFO - 开始处理讲座编号: 22-019
2025-01-18 07:22:16,455 - INFO - 开始处理讲座编号: 09-017
2025-01-18 07:22:24,607 - INFO - 开始处理讲座编号: 09-019
2025-01-18 07:22:32,859 - INFO - 开始处理讲座编号: 09-020
2025-01-18 07:22:41,141 - INFO - 开始处理讲座编号: 09-007
2025-01-18 07:22:49,494 - INFO - 开始处理讲座编号: 23-015
2025-01-18 07:22:57,687 - INFO - 开始处理讲座编号: 24-019
2025-01-18 07:23:20,309 - INFO - 开始处理讲座编号: 24-020
2025-01-18 07:23:42,361 - INFO - 开始处理讲座编号: 26-001
2025-01-18 07:24:05,233 - INFO - 开始处理讲座编号: 26-002
2025-01-18 07:24:30,294 - INFO - 开始处理讲座编号: 28-001
2025-01-18 07:24:53,940 - INFO - 开始处理讲座编号: 28-002
2025-01-18 07:25:17,156 - INFO - 开始处理讲座编号: 28-003
2025-01-18 07:25:41,431 - INFO - 开始处理讲座编号: 28-004
2025-01-18 07:26:05,334 - INFO - 开始处理讲座编号: 28-005
2025-01-18 07:26:28,709 - INFO - 开始处理讲座编号: 28-006
2025-01-18 07:26:52,677 - INFO - 开始处理讲座编号: 28-007
2025-01-18 07:27:14,855 - INFO - 开始处理讲座编号: 28-008
2025-01-18 07:27:36,966 - INFO - 开始处理讲座编号: 28-009
2025-01-18 07:29:18,280 - ERROR - 处理讲座 28-009 时出错: Message: 
Stacktrace:
	GetHandleVerifier [0x00007FF706C3FC65+28741]
	(No symbol) [0x00007FF706BA7910]
	(No symbol) [0x00007FF706A44FDA]
	(No symbol) [0x00007FF706A99322]
	(No symbol) [0x00007FF706A9954C]
	(No symbol) [0x00007FF706AE3337]
	(No symbol) [0x00007FF706ABFF4F]
	(No symbol) [0x00007FF706AE00B4]
	(No symbol) [0x00007FF706ABFCB3]
	(No symbol) [0x00007FF706A89FB3]
	(No symbol) [0x00007FF706A8B331]
	GetHandleVerifier [0x00007FF706F7A7BD+3414941]
	GetHandleVerifier [0x00007FF706F8E6CA+3496618]
	GetHandleVerifier [0x00007FF706F841BD+3454365]
	GetHandleVerifier [0x00007FF706D0850B+850155]
	(No symbol) [0x00007FF706BB387F]
	(No symbol) [0x00007FF706BAF144]
	(No symbol) [0x00007FF706BAF2DD]
	(No symbol) [0x00007FF706B9E0F9]
	BaseThreadInitThunk [0x00007FFC99F47BD4+20]
	RtlUserThreadStart [0x00007FFC9AC4CEE1+33]

